Característica: Proceso de compra en SauceDemo # features/compra.feature:13
  Como cliente de SauceDemo
  Quiero agregar productos al carrito y completar el proceso de compra
  Para adquirir los productos que necesito
  Antecedentes:   # features/compra.feature:20

  @Caso_1 @smoke
  Escenario: Validar que el usuario puede agregar un producto al carrito desde la página de productos  # features/compra.feature:30
    Dado el usuario está en la página de login                                                         # features/steps/login_steps.py:29
    Cuando ingresa el usuario "standard_user" y la contraseńa "secret_sauce"                           # features/steps/login_steps.py:48
    Y hace click en el botón Login                                                                     # features/steps/login_steps.py:58
    Entonces debe ver la página de inventario                                                          # features/steps/login_steps.py:67
    Cuando agrega el producto "Sauce Labs Backpack" al carrito                                         # features/steps/compra_steps.py:13
    Entonces el carrito debe mostrar "1" producto                                                      # features/steps/compra_steps.py:55

  @Caso_2 @regression
  Escenario: Validar que el usuario puede ver los productos agregados en el carrito de compras  # features/compra.feature:38
    Dado el usuario está en la página de login                                                  # features/steps/login_steps.py:29
    Cuando ingresa el usuario "standard_user" y la contraseńa "secret_sauce"                    # features/steps/login_steps.py:48
    Y hace click en el botón Login                                                              # features/steps/login_steps.py:58
    Entonces debe ver la página de inventario                                                   # features/steps/login_steps.py:67
    Cuando agrega el producto "Sauce Labs Backpack" al carrito                                  # features/steps/compra_steps.py:13
    Y hace click en el ícono del carrito                                                        # features/steps/compra_steps.py:18
    Entonces debe ver el producto "Sauce Labs Backpack" en el carrito                           # features/steps/compra_steps.py:62

  @Caso_3 @regression @e2e
  Escenario: Validar que el usuario puede completar el proceso de compra hasta la confirmación  # features/compra.feature:47
    Dado el usuario está en la página de login                                                  # features/steps/login_steps.py:29
    Cuando ingresa el usuario "standard_user" y la contraseńa "secret_sauce"                    # features/steps/login_steps.py:48
    Y hace click en el botón Login                                                              # features/steps/login_steps.py:58
    Entonces debe ver la página de inventario                                                   # features/steps/login_steps.py:67
    Cuando agrega el producto "Sauce Labs Backpack" al carrito                                  # features/steps/compra_steps.py:13
    Y hace click en el ícono del carrito                                                        # features/steps/compra_steps.py:18
    Y hace click en Checkout                                                                    # features/steps/compra_steps.py:27
    Y completa los datos con nombre "Roy", apellido "Peralta Barboza" y código postal "06002"   # features/steps/compra_steps.py:36
    Y hace click en Continue                                                                    # features/steps/compra_steps.py:41
    Y hace click en Finish                                                                      # features/steps/compra_steps.py:46
      Traceback (most recent call last):
        File "C:\Users\rrpb3\AppData\Local\Programs\Python\Python313\Lib\site-packages\behave\model.py", line 1329, in run
          match.run(runner.context)
          ~~~~~~~~~^^^^^^^^^^^^^^^^
        File "C:\Users\rrpb3\AppData\Local\Programs\Python\Python313\Lib\site-packages\behave\matchers.py", line 98, in run
          self.func(context, *args, **kwargs)
          ~~~~~~~~~^^^^^^^^^^^^^^^^^^^^^^^^^^
        File "features\steps\compra_steps.py", line 48, in step_click_finish
          context.checkout_page.click_finish()
          ~~~~~~~~~~~~~~~~~~~~~~~~~~~~~~~~~~^^
        File "C:\Users\rrpb3\Downloads\automation-behave-selenium\automation-behave-selenium\pages\checkout_page.py", line 33, in click_finish
          self.click(self.BOTON_FINISH)
          ~~~~~~~~~~^^^^^^^^^^^^^^^^^^^
        File "C:\Users\rrpb3\Downloads\automation-behave-selenium\automation-behave-selenium\pages\base_page.py", line 110, in click
          self.wait_for_clickable(locator).click()
          ~~~~~~~~~~~~~~~~~~~~~~~^^^^^^^^^
        File "C:\Users\rrpb3\Downloads\automation-behave-selenium\automation-behave-selenium\pages\base_page.py", line 65, in wait_for_clickable
          return self.wait.until(
                 ~~~~~~~~~~~~~~~^
              EC.element_to_be_clickable(locator),
              ^^^^^^^^^^^^^^^^^^^^^^^^^^^^^^^^^^^^
              message=f"Elemento no clickeable: {locator}"
              ^^^^^^^^^^^^^^^^^^^^^^^^^^^^^^^^^^^^^^^^^^^^
          )
          ^
        File "C:\Users\rrpb3\AppData\Local\Programs\Python\Python313\Lib\site-packages\selenium\webdriver\support\wait.py", line 105, in until
          raise TimeoutException(message, screen, stacktrace)
      selenium.common.exceptions.TimeoutException: Message: Elemento no clickeable: ('css selector', '[data-test="finish"]')
      Stacktrace:
      	chromedriver!GetHandleVerifier [0xeab593+105d3]
      	chromedriver!GetHandleVerifier [0xeab6c4+10704]
      	chromedriver!(No symbol) [0xcb1ea0]
      	chromedriver!(No symbol) [0xcfb28a]
      	chromedriver!(No symbol) [0xcfb52b]
      	chromedriver!(No symbol) [0xd3d052]
      	chromedriver!(No symbol) [0xd1d7c4]
      	chromedriver!(No symbol) [0xd3a936]
      	chromedriver!(No symbol) [0xd1d516]
      	chromedriver!(No symbol) [0xcf08e9]
      	chromedriver!(No symbol) [0xcf16a4]
      	chromedriver!GetHandleVerifier [0x1133014+298054]
      	chromedriver!GetHandleVerifier [0x112e603+293643]
      	chromedriver!GetHandleVerifier [0x114ea05+2b3a45]
      	chromedriver!GetHandleVerifier [0xec54e8+2a528]
      	chromedriver!GetHandleVerifier [0xeccd1d+31d5d]
      	chromedriver!GetHandleVerifier [0xeb3e68+18ea8]
      	chromedriver!GetHandleVerifier [0xeb4015+19055]
      	chromedriver!GetHandleVerifier [0xe9d65f+269f]
      	KERNEL32!BaseThreadInitThunk [0x75d15d49+19]
      	ntdll!RtlInitializeExceptionChain [0x770cd83b+6b]
      	ntdll!RtlGetAppContainerNamedObjectPath [0x770cd7c1+231]

    Entonces debe ver el mensaje de confirmación "Thank you for your order!"                    # None

  @Caso_4 @regression
  Esquema del escenario: Validar que se pueden agregar diferentes productos al carrito -- @1.1   # features/compra.feature:67
    Dado el usuario está en la página de login                                                   # features/steps/login_steps.py:29
    Cuando ingresa el usuario "standard_user" y la contraseńa "secret_sauce"                     # features/steps/login_steps.py:48
    Y hace click en el botón Login                                                               # features/steps/login_steps.py:58
    Entonces debe ver la página de inventario                                                    # features/steps/login_steps.py:67
    Cuando agrega el producto "Sauce Labs Backpack" al carrito                                   # features/steps/compra_steps.py:13
    Entonces el carrito debe mostrar "1" producto                                                # features/steps/compra_steps.py:55

  @Caso_4 @regression
  Esquema del escenario: Validar que se pueden agregar diferentes productos al carrito -- @1.2   # features/compra.feature:68
    Dado el usuario está en la página de login                                                   # features/steps/login_steps.py:29
    Cuando ingresa el usuario "standard_user" y la contraseńa "secret_sauce"                     # features/steps/login_steps.py:48
    Y hace click en el botón Login                                                               # features/steps/login_steps.py:58
    Entonces debe ver la página de inventario                                                    # features/steps/login_steps.py:67
    Cuando agrega el producto "Sauce Labs Bike Light" al carrito                                 # features/steps/compra_steps.py:13
    Entonces el carrito debe mostrar "1" producto                                                # features/steps/compra_steps.py:55

  @Caso_4 @regression
  Esquema del escenario: Validar que se pueden agregar diferentes productos al carrito -- @1.3   # features/compra.feature:69
    Dado el usuario está en la página de login                                                   # features/steps/login_steps.py:29
    Cuando ingresa el usuario "standard_user" y la contraseńa "secret_sauce"                     # features/steps/login_steps.py:48
    Y hace click en el botón Login                                                               # features/steps/login_steps.py:58
    Entonces debe ver la página de inventario                                                    # features/steps/login_steps.py:67
    Cuando agrega el producto "Sauce Labs Bolt T-Shirt" al carrito                               # features/steps/compra_steps.py:13
    Entonces el carrito debe mostrar "1" producto                                                # features/steps/compra_steps.py:55

Característica: Login en SauceDemo # features/login.feature:9
  Como un cliente de Sauce Demo
  Quiero poder iniciar sesión en la aplicación
  Para acceder al inventario de productos
  @Caso_1 @smoke
  Escenario: Validar el inicio de sesión con credenciales válidas            # features/login.feature:18
    Dado el usuario está en la página de login                               # features/steps/login_steps.py:29
    Cuando ingresa el usuario "standard_user" y la contraseńa "secret_sauce" # features/steps/login_steps.py:48
    Y hace click en el botón Login                                           # features/steps/login_steps.py:58
    Entonces debe ver la página de inventario                                # features/steps/login_steps.py:67

  @Caso_2 @regression
  Escenario: Validar que el usuario no pueda iniciar sesión con credenciales inválidas                                # features/login.feature:28
    Dado el usuario está en la página de login                                                                        # features/steps/login_steps.py:29
    Cuando ingresa el usuario "usuario_invalido" y la contraseńa "clave_incorrecta"                                   # features/steps/login_steps.py:48
    Y hace click en el botón Login                                                                                    # features/steps/login_steps.py:58
    Entonces debe ver el mensaje de error "Epic sadface: Username and password do not match any user in this service" # features/steps/login_steps.py:80

  @Caso_3 @regression
  Escenario: Validar que el usuario no pueda iniciar sesión con usuario bloqueado               # features/login.feature:38
    Dado el usuario está en la página de login                                                  # features/steps/login_steps.py:29
    Cuando ingresa el usuario "locked_out_user" y la contraseńa "secret_sauce"                  # features/steps/login_steps.py:48
    Y hace click en el botón Login                                                              # features/steps/login_steps.py:58
    Entonces debe ver el mensaje de error "Epic sadface: Sorry, this user has been locked out." # features/steps/login_steps.py:80

  @Caso_4 @regression
  Escenario: Validar login con el rol visual_user                                     # features/login.feature:48
    Dado que el usuario se encuentra en la página de login                            # features/steps/login_steps.py:34
    Y se valida el texto de la página de login                                        # features/steps/login_steps.py:39
    Cuando el usuario ingresa su usuario "visual_user" y su contraseńa "secret_sauce" # features/steps/login_steps.py:53
    Y hace click en el botón Login                                                    # features/steps/login_steps.py:58
    Entonces el usuario debe ver la página de inventario con el header visible        # features/steps/login_steps.py:87

